<?xml version="1.0" encoding="UTF-8"?>
<!-- Generated by org.testng.reporters.JUnitReportReporter -->
<testsuite skipped="0" hostname="PC" name="com.github.testcases.SignUp" tests="3" failures="0" timestamp="28 Jun 2019 05:47:34 GMT" time="2.619" errors="0">
  <testcase name="verifyCreateAnAccountButtonIsDisable" time="0.785" classname="com.github.testcases.SignUp"/>
  <testcase name="verifySignUpPage" time="1.808" classname="com.github.testcases.SignUp"/>
  <testcase name="verifyCreateYourAccountHeader" time="0.026" classname="com.github.testcases.SignUp"/>
</testsuite> <!-- com.github.testcases.SignUp -->
