<?xml version="1.0" encoding="UTF-8"?>
<!-- Generated by org.testng.reporters.JUnitReportReporter -->
<testsuite skipped="0" hostname="PC" name="com.github.testcases.Login" tests="2" failures="0" timestamp="28 Jun 2019 05:47:35 GMT" time="1.073" errors="0">
  <testcase name="verifyLoginPage" time="0.609" classname="com.github.testcases.Login"/>
  <testcase name="verifyMandatoryFields" time="0.464" classname="com.github.testcases.Login"/>
</testsuite> <!-- com.github.testcases.Login -->
