<?xml version="1.0" encoding="UTF-8"?>
<!-- Generated by org.testng.reporters.JUnitReportReporter -->
<testsuite skipped="0" hostname="PC" name="com.github.testcases.RessetPassword" tests="3" failures="0" timestamp="28 Jun 2019 05:47:34 GMT" time="2.396" errors="0">
  <testcase name="verifyErrorMessageContainsCant" time="0.033" classname="com.github.testcases.RessetPassword"/>
  <testcase name="verifyErrorMessageForInvalidUserName" time="1.744" classname="com.github.testcases.RessetPassword"/>
  <testcase name="verifyErrorMessageForEmptyUserName" time="0.619" classname="com.github.testcases.RessetPassword"/>
</testsuite> <!-- com.github.testcases.RessetPassword -->
