<?xml version="1.0" encoding="UTF-8"?>
<!-- Generated by org.testng.reporters.JUnitReportReporter -->
<testsuite hostname="PC" failures="0" tests="3" name="com.github.testcases.SignUp" time="2.728" errors="0" timestamp="28 Jun 2019 05:50:41 GMT" skipped="0">
  <testcase classname="com.github.testcases.SignUp" name="verifySignUpPage" time="1.916"/>
  <testcase classname="com.github.testcases.SignUp" name="verifyCreateYourAccountHeader" time="0.027"/>
  <testcase classname="com.github.testcases.SignUp" name="verifyCreateAnAccountButtonIsDisable" time="0.785"/>
</testsuite> <!-- com.github.testcases.SignUp -->
