<?xml version="1.0" encoding="UTF-8"?>
<!-- Generated by org.testng.reporters.JUnitReportReporter -->
<testsuite hostname="PC" failures="0" tests="3" name="com.github.testcases.RessetPassword" time="2.312" errors="0" timestamp="28 Jun 2019 05:50:41 GMT" skipped="0">
  <testcase classname="com.github.testcases.RessetPassword" name="verifyErrorMessageForEmptyUserName" time="0.601"/>
  <testcase classname="com.github.testcases.RessetPassword" name="verifyErrorMessageContainsCant" time="0.019"/>
  <testcase classname="com.github.testcases.RessetPassword" name="verifyErrorMessageForInvalidUserName" time="1.692"/>
</testsuite> <!-- com.github.testcases.RessetPassword -->
