<?xml version="1.0" encoding="UTF-8"?>
<!-- Generated by org.testng.reporters.JUnitReportReporter -->
<testsuite hostname="PC" failures="0" tests="2" name="com.github.testcases.Login" time="1.114" errors="0" timestamp="28 Jun 2019 05:50:41 GMT" skipped="0">
  <testcase classname="com.github.testcases.Login" name="verifyMandatoryFields" time="0.478"/>
  <testcase classname="com.github.testcases.Login" name="verifyLoginPage" time="0.636"/>
</testsuite> <!-- com.github.testcases.Login -->
